<?xml version="1.0" encoding="UTF-8"?>
<!-- Generated by org.testng.reporters.JUnitReportReporter -->
<testsuite hostname="LAPTOP-1PQU67CN" failures="0" tests="1" name="com.SwagLabs.testCases.TC_001_LoginToSwagLabs" time="0.569" errors="0" timestamp="2023-04-09T13:12:16 IST" skipped="0">
  <testcase classname="com.SwagLabs.testCases.TC_001_LoginToSwagLabs" name="testLogin" time="0.569"/>
  <system-out/>
</testsuite> <!-- com.SwagLabs.testCases.TC_001_LoginToSwagLabs -->
